Change Component Footprint: Designator=C5 Old Footprint=C0805 New Footprint=C1206
Change Component Footprint: Designator=C12 Old Footprint=C0805 New Footprint=C1206
Change Component Footprint: Designator=C16 Old Footprint=C0805 New Footprint=C1206
Change Component Footprint: Designator=L1 Old Footprint=INDC1608L New Footprint=IND_#B966BS-220M=P3
Change Component Footprint: Designator=R1 Old Footprint=J1-0603 New Footprint=6-0805_L
Change Component Footprint: Designator=R4 Old Footprint=J1-0603 New Footprint=6-0805_L
Change Component Footprint: Designator=R5 Old Footprint=J1-0603 New Footprint=6-0805_L
Change Component Footprint: Designator=R6 Old Footprint=J1-0603 New Footprint=6-0805_L
Change Component Footprint: Designator=R7 Old Footprint=J1-0603 New Footprint=6-0805_L
Change Component Footprint: Designator=R8 Old Footprint=J1-0603 New Footprint=6-0805_L
Change Component Footprint: Designator=R9 Old Footprint=J1-0603 New Footprint=6-0805_L
Change Component Footprint: Designator=R10 Old Footprint=J1-0603 New Footprint=6-0805_L
Change Component Footprint: Designator=R11 Old Footprint=J1-0603 New Footprint=6-0805_L
Change Component Footprint: Designator=R12 Old Footprint=J1-0603 New Footprint=6-0805_L
Change Component Footprint: Designator=R13 Old Footprint=J1-0603 New Footprint=6-0805_L
Change Component Footprint: Designator=R14 Old Footprint=J1-0603 New Footprint=6-0805_L
Change Component Footprint: Designator=R15 Old Footprint=J1-0603 New Footprint=6-0805_L
Change Component Footprint: Designator=R16 Old Footprint=J1-0603 New Footprint=6-0805_L
Change Component Footprint: Designator=D1 Old Footprint=LED-1 New Footprint=6-0805_L
Change Component Footprint: Designator=D2 Old Footprint=LED-1 New Footprint=6-0805_L
Change Component Footprint: Designator=D3 Old Footprint=LED-1 New Footprint=6-0805_L
Change Component Footprint: Designator=F1 Old Footprint=PIN-W2/E2.8 New Footprint=C1206
Change Component Footprint: Designator=C1 Old Footprint=RAD-0.3 New Footprint=C0805
Change Component Footprint: Designator=C2 Old Footprint=RAD-0.3 New Footprint=C0805
Change Component Footprint: Designator=C3 Old Footprint=RAD-0.3 New Footprint=C0805
Change Component Footprint: Designator=C4 Old Footprint=RAD-0.3 New Footprint=C0805
Change Component Footprint: Designator=C6 Old Footprint=RAD-0.3 New Footprint=C0805
Change Component Footprint: Designator=C7 Old Footprint=RAD-0.3 New Footprint=C0805
Change Component Footprint: Designator=C8 Old Footprint=RAD-0.3 New Footprint=C0805
Change Component Footprint: Designator=C9 Old Footprint=RAD-0.3 New Footprint=C0805
Change Component Footprint: Designator=C10 Old Footprint=RAD-0.3 New Footprint=C0805
Change Component Footprint: Designator=C11 Old Footprint=RAD-0.3 New Footprint=C0805
Change Component Footprint: Designator=C14 Old Footprint=RAD-0.3 New Footprint=C0805
Change Component Footprint: Designator=C17 Old Footprint=RAD-0.3 New Footprint=C0805
Change Component Footprint: Designator=C18 Old Footprint=RAD-0.3 New Footprint=C0805
Change Component Footprint: Designator=C19 Old Footprint=RAD-0.3 New Footprint=C0805
Change Component Footprint: Designator=C20 Old Footprint=RAD-0.3 New Footprint=C0805
Change Component Footprint: Designator=C13 Old Footprint=RAD-0.3 New Footprint=C1206
Change Component Footprint: Designator=C15 Old Footprint=RAD-0.3 New Footprint=C1206
Change Component Footprint: Designator=D4 Old Footprint=SMB New Footprint=SMC
Change Component Footprint: Designator=S2 Old Footprint=SPST-2 New Footprint=SW_147873-2
Change Component Footprint: Designator=S4 Old Footprint=SPST-2 New Footprint=SW_147873-2
